<?xml version="1.0" encoding="UTF-8"?>
<!-- Generated by org.testng.reporters.JUnitReportReporter -->
<testsuite hostname="DESKTOP-AOKPDUC" failures="0" tests="9" name="api.test.DataDrivenUserApiTesting" time="33.369" errors="0" timestamp="2024-03-07T11:58:42 IST" skipped="0">
  <testcase classname="api.test.DataDrivenUserApiTesting" name="testdeleteUser" time="2.242"/>
  <testcase classname="api.test.DataDrivenUserApiTesting" name="testPostUser" time="1.894"/>
  <testcase classname="api.test.DataDrivenUserApiTesting" name="testPostUser" time="2.635"/>
  <testcase classname="api.test.DataDrivenUserApiTesting" name="testGetUser" time="5.503"/>
  <testcase classname="api.test.DataDrivenUserApiTesting" name="testdeleteUser" time="2.941"/>
  <testcase classname="api.test.DataDrivenUserApiTesting" name="testGetUser" time="5.996"/>
  <testcase classname="api.test.DataDrivenUserApiTesting" name="testdeleteUser" time="5.253"/>
  <testcase classname="api.test.DataDrivenUserApiTesting" name="testGetUser" time="3.129"/>
  <testcase classname="api.test.DataDrivenUserApiTesting" name="testPostUser" time="3.776"/>
</testsuite> <!-- api.test.DataDrivenUserApiTesting -->
