<?xml version="1.0" encoding="UTF-8"?>
<!-- Generated by org.testng.reporters.JUnitReportReporter -->
<testsuite hostname="DESKTOP-AOKPDUC" failures="0" tests="4" name="api.test.UserApiTest" time="13.594" errors="0" timestamp="2024-03-07T13:10:01 IST" skipped="0">
  <testcase classname="api.test.UserApiTest" name="testPostUser" time="7.059"/>
  <testcase classname="api.test.UserApiTest" name="testGetUser" time="2.392"/>
  <testcase classname="api.test.UserApiTest" name="testUpdateUser" time="2.228"/>
  <testcase classname="api.test.UserApiTest" name="testDeleteUser" time="1.915"/>
</testsuite> <!-- api.test.UserApiTest -->
