<?xml version="1.0" encoding="UTF-8"?>
<!-- Generated by org.testng.reporters.JUnitReportReporter -->
<testsuite hostname="DESKTOP-AOKPDUC" failures="0" tests="4" name="api.test.UserApiTest2" time="15.226" errors="0" timestamp="2024-03-09T20:31:01 IST" skipped="0">
  <testcase classname="api.test.UserApiTest2" name="testPostUser" time="7.022"/>
  <testcase classname="api.test.UserApiTest2" name="testGetUser" time="2.989"/>
  <testcase classname="api.test.UserApiTest2" name="testUpdateUser" time="2.346"/>
  <testcase classname="api.test.UserApiTest2" name="testDeleteUser" time="2.869"/>
</testsuite> <!-- api.test.UserApiTest2 -->
