<?xml version="1.0" encoding="UTF-8"?>
<!-- Generated by org.testng.reporters.JUnitReportReporter -->
<testsuite hostname="DESKTOP-AOKPDUC" failures="0" tests="4" name="api.test.UserApiTest2" time="14.276" errors="0" timestamp="2024-03-11T09:16:56 IST" skipped="0">
  <testcase classname="api.test.UserApiTest2" name="testPostUser" time="6.548"/>
  <testcase classname="api.test.UserApiTest2" name="testGetUser" time="2.617"/>
  <testcase classname="api.test.UserApiTest2" name="testUpdateUser" time="2.237"/>
  <testcase classname="api.test.UserApiTest2" name="testDeleteUser" time="2.874"/>
</testsuite> <!-- api.test.UserApiTest2 -->
